#
# There is insufficient memory for the Java Runtime Environment to continue.
# Native memory allocation (mmap) failed to map 135266304 bytes for committing reserved memory.
# Possible reasons:
#   The system is out of physical RAM or swap space
#   In 32 bit mode, the process size limit was hit
# Possible solutions:
#   Reduce memory load on the system
#   Increase physical memory or swap space
#   Check if swap backing store is full
#   Use 64 bit Java on a 64 bit OS
#   Decrease Java heap size (-Xmx/-Xms)
#   Decrease number of Java threads
#   Decrease Java thread stack sizes (-Xss)
#   Set larger code cache with -XX:ReservedCodeCacheSize=
# This output file may be truncated or incomplete.
#
#  Out of Memory Error (os_linux.cpp:2627), pid=13741, tid=0x00007fed4f4f4700
#
# JRE version: OpenJDK Runtime Environment (8.0_102-b14) (build 1.8.0_102-b14)
# Java VM: OpenJDK 64-Bit Server VM (25.102-b14 mixed mode linux-amd64 compressed oops)
# Core dump written. Default location: /home/yoxjames/AndroidStudioProjects/ColdSnap/app/core or core.13741
#

---------------  T H R E A D  ---------------

Current thread (0x00007fed7007e000):  VMThread [stack: 0x00007fed4f3f4000,0x00007fed4f4f5000] [id=13754]

Stack: [0x00007fed4f3f4000,0x00007fed4f4f5000],  sp=0x00007fed4f4f34b0,  free space=1021k
Native frames: (J=compiled Java code, j=interpreted, Vv=VM code, C=native code)
V  [libjvm.so+0xa63e00]
V  [libjvm.so+0x4c505c]
V  [libjvm.so+0x8b4210]
V  [libjvm.so+0x8ae94e]
V  [libjvm.so+0x928c5e]
V  [libjvm.so+0x929fe3]
V  [libjvm.so+0x926633]
V  [libjvm.so+0x9268dc]
V  [libjvm.so+0x8d83f3]
V  [libjvm.so+0xa65a12]
V  [libjvm.so+0xa6aa37]
V  [libjvm.so+0xa682c6]
V  [libjvm.so+0xa69646]
V  [libjvm.so+0xa69b41]
V  [libjvm.so+0x8b17d2]

VM_Operation (0x00007fed4e84fee0): ParallelGCFailedAllocation, mode: safepoint, requested by thread 0x00007fed70188000


---------------  P R O C E S S  ---------------

Java Threads: ( => current thread )
  0x00007fed70188000 JavaThread "pool-1-thread-1" [_thread_blocked, id=13921, stack(0x00007fed4e751000,0x00007fed4e852000)]
  0x00007fed700c9000 JavaThread "Service Thread" daemon [_thread_blocked, id=13762, stack(0x00007fed4ea54000,0x00007fed4eb55000)]
  0x00007fed700c6000 JavaThread "C1 CompilerThread3" daemon [_thread_blocked, id=13761, stack(0x00007fed4eb55000,0x00007fed4ec56000)]
  0x00007fed700c3800 JavaThread "C2 CompilerThread2" daemon [_thread_blocked, id=13760, stack(0x00007fed4ec56000,0x00007fed4ed57000)]
  0x00007fed700c2000 JavaThread "C2 CompilerThread1" daemon [_thread_blocked, id=13759, stack(0x00007fed4ed57000,0x00007fed4ee58000)]
  0x00007fed700bf000 JavaThread "C2 CompilerThread0" daemon [_thread_blocked, id=13758, stack(0x00007fed4ee58000,0x00007fed4ef59000)]
  0x00007fed700bd800 JavaThread "Signal Dispatcher" daemon [_thread_blocked, id=13757, stack(0x00007fed4ef59000,0x00007fed4f05a000)]
  0x00007fed7008a800 JavaThread "Finalizer" daemon [_thread_blocked, id=13756, stack(0x00007fed4f1f2000,0x00007fed4f2f3000)]
  0x00007fed70086000 JavaThread "Reference Handler" daemon [_thread_blocked, id=13755, stack(0x00007fed4f2f3000,0x00007fed4f3f4000)]
  0x00007fed70008800 JavaThread "main" [_thread_blocked, id=13743, stack(0x00007fed7665a000,0x00007fed7675b000)]

Other Threads:
=>0x00007fed7007e000 VMThread [stack: 0x00007fed4f3f4000,0x00007fed4f4f5000] [id=13754]
  0x00007fed700cb000 WatcherThread [stack: 0x00007fed4e953000,0x00007fed4ea54000] [id=13763]

VM state:at safepoint (normal execution)

VM Mutex/Monitor currently owned by a thread:  ([mutex/lock_event])
[0x00007fed700065a0] Threads_lock - owner thread: 0x00007fed7007e000
[0x00007fed70006aa0] Heap_lock - owner thread: 0x00007fed70188000

Heap:
 PSYoungGen      total 141824K, used 16873K [0x00000000eab00000, 0x00000000f4800000, 0x0000000100000000)
  eden space 124928K, 0% used [0x00000000eab00000,0x00000000eab00000,0x00000000f2500000)
  from space 16896K, 99% used [0x00000000f2500000,0x00000000f357a478,0x00000000f3580000)
  to   space 14848K, 0% used [0x00000000f3580000,0x00000000f3580000,0x00000000f4400000)
 ParOldGen       total 84992K, used 28564K [0x00000000c0000000, 0x00000000c5300000, 0x00000000eab00000)
  object space 84992K, 33% used [0x00000000c0000000,0x00000000c1be5188,0x00000000c5300000)
 Metaspace       used 6646K, capacity 7410K, committed 7552K, reserved 1056768K
  class space    used 611K, capacity 618K, committed 640K, reserved 1048576K

Card table byte_map: [0x00007fed60625000,0x00007fed60826000] byte_map_base: 0x00007fed60025000

Marking Bits: (ParMarkBitMap*) 0x00007fed75971860
 Begin Bits: [0x00007fed5dcc7000, 0x00007fed5ecc7000)
 End Bits:   [0x00007fed5ecc7000, 0x00007fed5fcc7000)

Polling page: 0x00007fed7678f000

CodeCache: size=245760Kb used=8949Kb max_used=8980Kb free=236810Kb
 bounds [0x00007fed60be6000, 0x00007fed614b6000, 0x00007fed6fbe6000]
 total_blobs=2612 nmethods=2345 adapters=182
 compilation: enabled

Compilation events (10 events):
Event: 10.374 Thread 0x00007fed700c6000 2465       2       com.android.dex.Leb128::writeUnsignedLeb128 (46 bytes)
Event: 10.374 Thread 0x00007fed700c6000 nmethod 2465 0x00007fed6149cd90 code [0x00007fed6149cf00, 0x00007fed6149d0f8]
Event: 10.374 Thread 0x00007fed700c6000 2464       2       com.android.dx.util.ByteArrayAnnotatedOutput::writeUleb128 (34 bytes)
Event: 10.375 Thread 0x00007fed700c6000 nmethod 2464 0x00007fed6149d210 code [0x00007fed6149d380, 0x00007fed6149d558]
Event: 10.378 Thread 0x00007fed700c6000 2466       2       com.android.dx.dex.code.form.Form12x::compatibleRegs (159 bytes)
Event: 10.379 Thread 0x00007fed700c6000 nmethod 2466 0x00007fed6149d610 code [0x00007fed6149d860, 0x00007fed6149de88]
Event: 10.501 Thread 0x00007fed700c3800 nmethod 2424 0x00007fed614a6bd0 code [0x00007fed614a71e0, 0x00007fed614acab8]
Event: 10.501 Thread 0x00007fed700c3800 2443       4       com.android.dx.rop.code.RegisterSpec::matchesVariable (68 bytes)
Event: 10.504 Thread 0x00007fed700c3800 nmethod 2443 0x00007fed614a2f50 code [0x00007fed614a30e0, 0x00007fed614a35b8]
Event: 10.504 Thread 0x00007fed700c3800 2384 % !   4       com.android.dx.dex.code.OutputFinisher::fixBranches @ 12 (234 bytes)

GC Heap History (10 events):
Event: 4.087 GC heap after
Heap after GC invocations=2 (full 0):
 PSYoungGen      total 36864K, used 5112K [0x00000000eab00000, 0x00000000ef300000, 0x0000000100000000)
  eden space 31744K, 0% used [0x00000000eab00000,0x00000000eab00000,0x00000000eca00000)
  from space 5120K, 99% used [0x00000000ecf00000,0x00000000ed3fe0b8,0x00000000ed400000)
  to   space 5120K, 0% used [0x00000000eca00000,0x00000000eca00000,0x00000000ecf00000)
 ParOldGen       total 84992K, used 5138K [0x00000000c0000000, 0x00000000c5300000, 0x00000000eab00000)
  object space 84992K, 6% used [0x00000000c0000000,0x00000000c0504988,0x00000000c5300000)
 Metaspace       used 5905K, capacity 6896K, committed 7040K, reserved 1056768K
  class space    used 574K, capacity 616K, committed 640K, reserved 1048576K
}
Event: 4.316 GC heap before
{Heap before GC invocations=3 (full 0):
 PSYoungGen      total 36864K, used 36856K [0x00000000eab00000, 0x00000000ef300000, 0x0000000100000000)
  eden space 31744K, 100% used [0x00000000eab00000,0x00000000eca00000,0x00000000eca00000)
  from space 5120K, 99% used [0x00000000ecf00000,0x00000000ed3fe0b8,0x00000000ed400000)
  to   space 5120K, 0% used [0x00000000eca00000,0x00000000eca00000,0x00000000ecf00000)
 ParOldGen       total 84992K, used 5138K [0x00000000c0000000, 0x00000000c5300000, 0x00000000eab00000)
  object space 84992K, 6% used [0x00000000c0000000,0x00000000c0504988,0x00000000c5300000)
 Metaspace       used 5930K, capacity 6896K, committed 7040K, reserved 1056768K
  class space    used 574K, capacity 616K, committed 640K, reserved 1048576K
Event: 4.358 GC heap after
Heap after GC invocations=3 (full 0):
 PSYoungGen      total 36864K, used 5100K [0x00000000eab00000, 0x00000000ef300000, 0x0000000100000000)
  eden space 31744K, 0% used [0x00000000eab00000,0x00000000eab00000,0x00000000eca00000)
  from space 5120K, 99% used [0x00000000eca00000,0x00000000ecefb000,0x00000000ecf00000)
  to   space 5120K, 0% used [0x00000000eee00000,0x00000000eee00000,0x00000000ef300000)
 ParOldGen       total 84992K, used 9420K [0x00000000c0000000, 0x00000000c5300000, 0x00000000eab00000)
  object space 84992K, 11% used [0x00000000c0000000,0x00000000c09330f0,0x00000000c5300000)
 Metaspace       used 5930K, capacity 6896K, committed 7040K, reserved 1056768K
  class space    used 574K, capacity 616K, committed 640K, reserved 1048576K
}
Event: 4.662 GC heap before
{Heap before GC invocations=4 (full 0):
 PSYoungGen      total 36864K, used 36844K [0x00000000eab00000, 0x00000000ef300000, 0x0000000100000000)
  eden space 31744K, 100% used [0x00000000eab00000,0x00000000eca00000,0x00000000eca00000)
  from space 5120K, 99% used [0x00000000eca00000,0x00000000ecefb000,0x00000000ecf00000)
  to   space 5120K, 0% used [0x00000000eee00000,0x00000000eee00000,0x00000000ef300000)
 ParOldGen       total 84992K, used 9420K [0x00000000c0000000, 0x00000000c5300000, 0x00000000eab00000)
  object space 84992K, 11% used [0x00000000c0000000,0x00000000c09330f0,0x00000000c5300000)
 Metaspace       used 5956K, capacity 6960K, committed 7040K, reserved 1056768K
  class space    used 575K, capacity 616K, committed 640K, reserved 1048576K
Event: 4.723 GC heap after
Heap after GC invocations=4 (full 0):
 PSYoungGen      total 68608K, used 5113K [0x00000000eab00000, 0x00000000ef300000, 0x0000000100000000)
  eden space 63488K, 0% used [0x00000000eab00000,0x00000000eab00000,0x00000000ee900000)
  from space 5120K, 99% used [0x00000000eee00000,0x00000000ef2fe610,0x00000000ef300000)
  to   space 5120K, 0% used [0x00000000ee900000,0x00000000ee900000,0x00000000eee00000)
 ParOldGen       total 84992K, used 14041K [0x00000000c0000000, 0x00000000c5300000, 0x00000000eab00000)
  object space 84992K, 16% used [0x00000000c0000000,0x00000000c0db6618,0x00000000c5300000)
 Metaspace       used 5956K, capacity 6960K, committed 7040K, reserved 1056768K
  class space    used 575K, capacity 616K, committed 640K, reserved 1048576K
}
Event: 5.291 GC heap before
{Heap before GC invocations=5 (full 0):
 PSYoungGen      total 68608K, used 68601K [0x00000000eab00000, 0x00000000ef300000, 0x0000000100000000)
  eden space 63488K, 100% used [0x00000000eab00000,0x00000000ee900000,0x00000000ee900000)
  from space 5120K, 99% used [0x00000000eee00000,0x00000000ef2fe610,0x00000000ef300000)
  to   space 5120K, 0% used [0x00000000ee900000,0x00000000ee900000,0x00000000eee00000)
 ParOldGen       total 84992K, used 14041K [0x00000000c0000000, 0x00000000c5300000, 0x00000000eab00000)
  object space 84992K, 16% used [0x00000000c0000000,0x00000000c0db6618,0x00000000c5300000)
 Metaspace       used 6103K, capacity 7088K, committed 7296K, reserved 1056768K
  class space    used 575K, capacity 616K, committed 640K, reserved 1048576K
Event: 5.349 GC heap after
Heap after GC invocations=5 (full 0):
 PSYoungGen      total 68608K, used 5116K [0x00000000eab00000, 0x00000000f4400000, 0x0000000100000000)
  eden space 63488K, 0% used [0x00000000eab00000,0x00000000eab00000,0x00000000ee900000)
  from space 5120K, 99% used [0x00000000ee900000,0x00000000eedff250,0x00000000eee00000)
  to   space 14848K, 0% used [0x00000000f3580000,0x00000000f3580000,0x00000000f4400000)
 ParOldGen       total 84992K, used 23327K [0x00000000c0000000, 0x00000000c5300000, 0x00000000eab00000)
  object space 84992K, 27% used [0x00000000c0000000,0x00000000c16c7c40,0x00000000c5300000)
 Metaspace       used 6103K, capacity 7088K, committed 7296K, reserved 1056768K
  class space    used 575K, capacity 616K, committed 640K, reserved 1048576K
}
Event: 5.812 GC heap before
{Heap before GC invocations=6 (full 0):
 PSYoungGen      total 68608K, used 68604K [0x00000000eab00000, 0x00000000f4400000, 0x0000000100000000)
  eden space 63488K, 100% used [0x00000000eab00000,0x00000000ee900000,0x00000000ee900000)
  from space 5120K, 99% used [0x00000000ee900000,0x00000000eedff250,0x00000000eee00000)
  to   space 14848K, 0% used [0x00000000f3580000,0x00000000f3580000,0x00000000f4400000)
 ParOldGen       total 84992K, used 23327K [0x00000000c0000000, 0x00000000c5300000, 0x00000000eab00000)
  object space 84992K, 27% used [0x00000000c0000000,0x00000000c16c7c40,0x00000000c5300000)
 Metaspace       used 6269K, capacity 7152K, committed 7296K, reserved 1056768K
  class space    used 593K, capacity 616K, committed 640K, reserved 1048576K
Event: 5.863 GC heap after
Heap after GC invocations=6 (full 0):
 PSYoungGen      total 139776K, used 14127K [0x00000000eab00000, 0x00000000f4800000, 0x0000000100000000)
  eden space 124928K, 0% used [0x00000000eab00000,0x00000000eab00000,0x00000000f2500000)
  from space 14848K, 95% used [0x00000000f3580000,0x00000000f434be70,0x00000000f4400000)
  to   space 16896K, 0% used [0x00000000f2500000,0x00000000f2500000,0x00000000f3580000)
 ParOldGen       total 84992K, used 23335K [0x00000000c0000000, 0x00000000c5300000, 0x00000000eab00000)
  object space 84992K, 27% used [0x00000000c0000000,0x00000000c16c9c40,0x00000000c5300000)
 Metaspace       used 6269K, capacity 7152K, committed 7296K, reserved 1056768K
  class space    used 593K, capacity 616K, committed 640K, reserved 1048576K
}
Event: 19.546 GC heap before
{Heap before GC invocations=7 (full 0):
 PSYoungGen      total 139776K, used 139055K [0x00000000eab00000, 0x00000000f4800000, 0x0000000100000000)
  eden space 124928K, 100% used [0x00000000eab00000,0x00000000f2500000,0x00000000f2500000)
  from space 14848K, 95% used [0x00000000f3580000,0x00000000f434be70,0x00000000f4400000)
  to   space 16896K, 0% used [0x00000000f2500000,0x00000000f2500000,0x00000000f3580000)
 ParOldGen       total 84992K, used 23335K [0x00000000c0000000, 0x00000000c5300000, 0x00000000eab00000)
  object space 84992K, 27% used [0x00000000c0000000,0x00000000c16c9c40,0x00000000c5300000)
 Metaspace       used 6646K, capacity 7410K, committed 7552K, reserved 1056768K
  class space    used 611K, capacity 618K, committed 640K, reserved 1048576K

Deoptimization events (10 events):
Event: 6.926 Thread 0x00007fed70188000 Uncommon trap: reason=class_check action=maybe_recompile pc=0x00007fed60fa413c method=java.util.Arrays.hashCode([Ljava/lang/Object;)I @ 43
Event: 6.926 Thread 0x00007fed70188000 Uncommon trap: reason=class_check action=maybe_recompile pc=0x00007fed60fa413c method=java.util.Arrays.hashCode([Ljava/lang/Object;)I @ 43
Event: 6.926 Thread 0x00007fed70188000 Uncommon trap: reason=class_check action=maybe_recompile pc=0x00007fed60f9b234 method=java.util.Arrays.hashCode([Ljava/lang/Object;)I @ 43
Event: 9.625 Thread 0x00007fed70188000 Uncommon trap: reason=speculate_class_check action=maybe_recompile pc=0x00007fed60eacf78 method=com.android.dx.util.FixedSizeList.equals(Ljava/lang/Object;)Z @ 25
Event: 9.728 Thread 0x00007fed70188000 Uncommon trap: reason=speculate_class_check action=maybe_recompile pc=0x00007fed60eacf78 method=com.android.dx.util.FixedSizeList.equals(Ljava/lang/Object;)Z @ 25
Event: 9.728 Thread 0x00007fed70188000 Uncommon trap: reason=speculate_class_check action=maybe_recompile pc=0x00007fed60eacf78 method=com.android.dx.util.FixedSizeList.equals(Ljava/lang/Object;)Z @ 25
Event: 9.728 Thread 0x00007fed70188000 Uncommon trap: reason=speculate_class_check action=maybe_recompile pc=0x00007fed60eacf78 method=com.android.dx.util.FixedSizeList.equals(Ljava/lang/Object;)Z @ 25
Event: 9.738 Thread 0x00007fed70188000 Uncommon trap: reason=unstable_if action=reinterpret pc=0x00007fed614056f4 method=com.android.dx.dex.code.OutputFinisher.findOpcodeForInsn(Lcom/android/dx/dex/code/DalvInsn;Lcom/android/dx/dex/code/Dop;)Lcom/android/dx/dex/code/Dop; @ 1
Event: 9.794 Thread 0x00007fed70188000 Uncommon trap: reason=unstable_if action=reinterpret pc=0x00007fed613b94dc method=java.util.TreeMap.put(Ljava/lang/Object;Ljava/lang/Object;)Ljava/lang/Object; @ 163
Event: 9.801 Thread 0x00007fed70188000 Uncommon trap: reason=unstable_if action=reinterpret pc=0x00007fed61418404 method=com.android.dx.rop.code.RegisterSpec.matchesVariable(Lcom/android/dx/rop/code/RegisterSpec;)Z @ 59

Internal exceptions (7 events):
Event: 0.124 Thread 0x00007fed70008800 Exception <a 'java/lang/NoSuchMethodError': Method sun.misc.Unsafe.defineClass(Ljava/lang/String;[BII)Ljava/lang/Class; name or signature does not match> (0x00000000eab07c78) thrown at [/build/java8-openjdk/src/jdk8u-jdk8u102-b14/hotspot/src/share/vm/prim
Event: 0.124 Thread 0x00007fed70008800 Exception <a 'java/lang/NoSuchMethodError': Method sun.misc.Unsafe.prefetchRead(Ljava/lang/Object;J)V name or signature does not match> (0x00000000eab07f60) thrown at [/build/java8-openjdk/src/jdk8u-jdk8u102-b14/hotspot/src/share/vm/prims/jni.cpp, line 40
Event: 3.694 Thread 0x00007fed70185800 Implicit null exception at 0x00007fed60e4ffe2 to 0x00007fed60e500d3
Event: 3.865 Thread 0x00007fed70185800 Implicit null exception at 0x00007fed60ea33ec to 0x00007fed60ea62b5
Event: 5.385 Thread 0x00007fed70186800 Exception <a 'java/lang/ArrayIndexOutOfBoundsException': 18> (0x00000000ead1b790) thrown at [/build/java8-openjdk/src/jdk8u-jdk8u102-b14/hotspot/src/share/vm/interpreter/interpreterRuntime.cpp, line 366]
Event: 5.386 Thread 0x00007fed70186800 Exception <a 'java/lang/ArrayIndexOutOfBoundsException': 145> (0x00000000ead1d310) thrown at [/build/java8-openjdk/src/jdk8u-jdk8u102-b14/hotspot/src/share/vm/interpreter/interpreterRuntime.cpp, line 366]
Event: 5.392 Thread 0x00007fed70186800 Exception <a 'java/lang/ArrayIndexOutOfBoundsException': 40> (0x00000000ead1e5f8) thrown at [/build/java8-openjdk/src/jdk8u-jdk8u102-b14/hotspot/src/share/vm/interpreter/interpreterRuntime.cpp, line 366]

Events (10 events):
Event: 9.738 Thread 0x00007fed70188000 DEOPT UNPACKING pc=0x00007fed60beaf69 sp=0x00007fed4e850190 mode 2
Event: 9.738 loading class com/android/dx/rop/code/RegisterSpecList$Expander
Event: 9.738 loading class com/android/dx/rop/code/RegisterSpecList$Expander done
Event: 9.794 Thread 0x00007fed70188000 Uncommon trap: trap_request=0xffffff65 fr.pc=0x00007fed613b94dc
Event: 9.794 Thread 0x00007fed70188000 DEOPT PACKING pc=0x00007fed613b94dc sp=0x00007fed4e850310
Event: 9.794 Thread 0x00007fed70188000 DEOPT UNPACKING pc=0x00007fed60beaf69 sp=0x00007fed4e8502d0 mode 2
Event: 9.800 Thread 0x00007fed70188000 Uncommon trap: trap_request=0xffffff65 fr.pc=0x00007fed61418404
Event: 9.801 Thread 0x00007fed70188000 DEOPT PACKING pc=0x00007fed61418404 sp=0x00007fed4e850160
Event: 9.801 Thread 0x00007fed70188000 DEOPT UNPACKING pc=0x00007fed60beaf69 sp=0x00007fed4e850128 mode 2
Event: 17.930 Executing VM operation: ParallelGCFailedAllocation


Dynamic libraries:
00400000-00401000 r-xp 00000000 08:03 368131                             /usr/lib/jvm/java-8-openjdk/jre/bin/java
00600000-00601000 rw-p 00000000 08:03 368131                             /usr/lib/jvm/java-8-openjdk/jre/bin/java
019a1000-019c2000 rw-p 00000000 00:00 0                                  [heap]
c0000000-c5300000 rw-p 00000000 00:00 0 
c5300000-eab00000 ---p 00000000 00:00 0 
eab00000-f4800000 rw-p 00000000 00:00 0 
fc900000-100000000 ---p 00000000 00:00 0 
100000000-1000a0000 rw-p 00000000 00:00 0 
1000a0000-140000000 ---p 00000000 00:00 0 
7fecf0000000-7fecf002f000 rw-p 00000000 00:00 0 
7fecf002f000-7fecf4000000 ---p 00000000 00:00 0 
7fecf4000000-7fecf4021000 rw-p 00000000 00:00 0 
7fecf4021000-7fecf8000000 ---p 00000000 00:00 0 
7fecf8000000-7fecf8026000 rw-p 00000000 00:00 0 
7fecf8026000-7fecfc000000 ---p 00000000 00:00 0 
7fecfc000000-7fecfc022000 rw-p 00000000 00:00 0 
7fecfc022000-7fed00000000 ---p 00000000 00:00 0 
7fed00000000-7fed00021000 rw-p 00000000 00:00 0 
7fed00021000-7fed04000000 ---p 00000000 00:00 0 
7fed04000000-7fed04042000 rw-p 00000000 00:00 0 
7fed04042000-7fed08000000 ---p 00000000 00:00 0 
7fed08000000-7fed08b18000 rw-p 00000000 00:00 0 
7fed08b18000-7fed0c000000 ---p 00000000 00:00 0 
7fed0c000000-7fed0c021000 rw-p 00000000 00:00 0 
7fed0c021000-7fed10000000 ---p 00000000 00:00 0 
7fed10000000-7fed1160b000 rw-p 00000000 00:00 0 
7fed1160b000-7fed14000000 ---p 00000000 00:00 0 
7fed18000000-7fed1921d000 rw-p 00000000 00:00 0 
7fed1921d000-7fed1c000000 ---p 00000000 00:00 0 
7fed1c000000-7fed1d78d000 rw-p 00000000 00:00 0 
7fed1d78d000-7fed20000000 ---p 00000000 00:00 0 
7fed20000000-7fed20021000 rw-p 00000000 00:00 0 
7fed20021000-7fed24000000 ---p 00000000 00:00 0 
7fed24000000-7fed24021000 rw-p 00000000 00:00 0 
7fed24021000-7fed28000000 ---p 00000000 00:00 0 
7fed28000000-7fed28021000 rw-p 00000000 00:00 0 
7fed28021000-7fed2c000000 ---p 00000000 00:00 0 
7fed2c000000-7fed2c021000 rw-p 00000000 00:00 0 
7fed2c021000-7fed30000000 ---p 00000000 00:00 0 
7fed30000000-7fed30021000 rw-p 00000000 00:00 0 
7fed30021000-7fed34000000 ---p 00000000 00:00 0 
7fed34000000-7fed34021000 rw-p 00000000 00:00 0 
7fed34021000-7fed38000000 ---p 00000000 00:00 0 
7fed38000000-7fed38021000 rw-p 00000000 00:00 0 
7fed38021000-7fed3c000000 ---p 00000000 00:00 0 
7fed40000000-7fed40021000 rw-p 00000000 00:00 0 
7fed40021000-7fed44000000 ---p 00000000 00:00 0 
7fed48000000-7fed48021000 rw-p 00000000 00:00 0 
7fed48021000-7fed4c000000 ---p 00000000 00:00 0 
7fed4e44e000-7fed4e451000 ---p 00000000 00:00 0 
7fed4e451000-7fed4e54f000 rw-p 00000000 00:00 0 
7fed4e54f000-7fed4e552000 ---p 00000000 00:00 0 
7fed4e552000-7fed4e650000 rw-p 00000000 00:00 0 
7fed4e650000-7fed4e653000 ---p 00000000 00:00 0 
7fed4e653000-7fed4e751000 rw-p 00000000 00:00 0 
7fed4e751000-7fed4e754000 ---p 00000000 00:00 0 
7fed4e754000-7fed4e852000 rw-p 00000000 00:00 0 
7fed4e852000-7fed4e855000 ---p 00000000 00:00 0 
7fed4e855000-7fed4e953000 rw-p 00000000 00:00 0 
7fed4e953000-7fed4e954000 ---p 00000000 00:00 0 
7fed4e954000-7fed4ea54000 rw-p 00000000 00:00 0 
7fed4ea54000-7fed4ea57000 ---p 00000000 00:00 0 
7fed4ea57000-7fed4eb55000 rw-p 00000000 00:00 0 
7fed4eb55000-7fed4eb58000 ---p 00000000 00:00 0 
7fed4eb58000-7fed4ec56000 rw-p 00000000 00:00 0 
7fed4ec56000-7fed4ec59000 ---p 00000000 00:00 0 
7fed4ec59000-7fed4ed57000 rw-p 00000000 00:00 0 
7fed4ed57000-7fed4ed5a000 ---p 00000000 00:00 0 
7fed4ed5a000-7fed4ee58000 rw-p 00000000 00:00 0 
7fed4ee58000-7fed4ee5b000 ---p 00000000 00:00 0 
7fed4ee5b000-7fed4ef59000 rw-p 00000000 00:00 0 
7fed4ef59000-7fed4ef5c000 ---p 00000000 00:00 0 
7fed4ef5c000-7fed4f05a000 rw-p 00000000 00:00 0 
7fed4f05a000-7fed4f1f2000 r--p 00000000 08:03 1602546                    /usr/lib/locale/locale-archive
7fed4f1f2000-7fed4f1f5000 ---p 00000000 00:00 0 
7fed4f1f5000-7fed4f2f3000 rw-p 00000000 00:00 0 
7fed4f2f3000-7fed4f2f6000 ---p 00000000 00:00 0 
7fed4f2f6000-7fed4f3f4000 rw-p 00000000 00:00 0 
7fed4f3f4000-7fed4f3f5000 ---p 00000000 00:00 0 
7fed4f3f5000-7fed50000000 rw-p 00000000 00:00 0 
7fed50000000-7fed50021000 rw-p 00000000 00:00 0 
7fed50021000-7fed54000000 ---p 00000000 00:00 0 
7fed54000000-7fed54021000 rw-p 00000000 00:00 0 
7fed54021000-7fed58000000 ---p 00000000 00:00 0 
7fed58000000-7fed58021000 rw-p 00000000 00:00 0 
7fed58021000-7fed5c000000 ---p 00000000 00:00 0 
7fed5c023000-7fed5d0f9000 rw-p 00000000 00:00 0 
7fed5d0f9000-7fed5d2c7000 r--s 03bf0000 08:03 368039                     /usr/lib/jvm/java-8-openjdk/jre/lib/rt.jar
7fed5d2c7000-7fed5d987000 rw-p 00000000 00:00 0 
7fed5d987000-7fed5dac7000 ---p 00000000 00:00 0 
7fed5dac7000-7fed5fcc7000 rw-p 00000000 00:00 0 
7fed5fcc7000-7fed5fcc8000 ---p 00000000 00:00 0 
7fed5fcc8000-7fed5fdc8000 rw-p 00000000 00:00 0 
7fed5fdc8000-7fed5fdc9000 ---p 00000000 00:00 0 
7fed5fdc9000-7fed5fec9000 rw-p 00000000 00:00 0 
7fed5fec9000-7fed5feca000 ---p 00000000 00:00 0 
7fed5feca000-7fed5ffca000 rw-p 00000000 00:00 0 
7fed5ffca000-7fed5ffcb000 ---p 00000000 00:00 0 
7fed5ffcb000-7fed600cb000 rw-p 00000000 00:00 0 
7fed600cb000-7fed600cc000 ---p 00000000 00:00 0 
7fed600cc000-7fed601cc000 rw-p 00000000 00:00 0 
7fed601cc000-7fed601cd000 ---p 00000000 00:00 0 
7fed601cd000-7fed602cd000 rw-p 00000000 00:00 0 
7fed602cd000-7fed602ce000 ---p 00000000 00:00 0 
7fed602ce000-7fed603ce000 rw-p 00000000 00:00 0 
7fed603ce000-7fed603cf000 ---p 00000000 00:00 0 
7fed603cf000-7fed604f9000 rw-p 00000000 00:00 0 
7fed604f9000-7fed60625000 ---p 00000000 00:00 0 
7fed60625000-7fed6064f000 rw-p 00000000 00:00 0 
7fed6064f000-7fed6077a000 ---p 00000000 00:00 0 
7fed6077a000-7fed607c9000 rw-p 00000000 00:00 0 
7fed607c9000-7fed60825000 ---p 00000000 00:00 0 
7fed60825000-7fed6084a000 rw-p 00000000 00:00 0 
7fed6084a000-7fed60be6000 ---p 00000000 00:00 0 
7fed60be6000-7fed614b6000 rwxp 00000000 00:00 0 
7fed614b6000-7fed6fbe6000 ---p 00000000 00:00 0 
7fed6fbe6000-7fed6fbee000 r-xp 00000000 08:03 368099                     /usr/lib/jvm/java-8-openjdk/jre/lib/amd64/libzip.so
7fed6fbee000-7fed6fded000 ---p 00008000 08:03 368099                     /usr/lib/jvm/java-8-openjdk/jre/lib/amd64/libzip.so
7fed6fded000-7fed6fdee000 rw-p 00007000 08:03 368099                     /usr/lib/jvm/java-8-openjdk/jre/lib/amd64/libzip.so
7fed6fdee000-7fed6fdf8000 r-xp 00000000 08:03 270496                     /usr/lib/libnss_files-2.24.so
7fed6fdf8000-7fed6fff8000 ---p 0000a000 08:03 270496                     /usr/lib/libnss_files-2.24.so
7fed6fff8000-7fed6fff9000 r--p 0000a000 08:03 270496                     /usr/lib/libnss_files-2.24.so
7fed6fff9000-7fed6fffa000 rw-p 0000b000 08:03 270496                     /usr/lib/libnss_files-2.24.so
7fed6fffa000-7fed70000000 rw-p 00000000 00:00 0 
7fed70000000-7fed701d8000 rw-p 00000000 00:00 0 
7fed701d8000-7fed74000000 ---p 00000000 00:00 0 
7fed74016000-7fed740fa000 rw-p 00000000 00:00 0 
7fed740fa000-7fed74126000 r-xp 00000000 08:03 368098                     /usr/lib/jvm/java-8-openjdk/jre/lib/amd64/libjava.so
7fed74126000-7fed74326000 ---p 0002c000 08:03 368098                     /usr/lib/jvm/java-8-openjdk/jre/lib/amd64/libjava.so
7fed74326000-7fed74328000 rw-p 0002c000 08:03 368098                     /usr/lib/jvm/java-8-openjdk/jre/lib/amd64/libjava.so
7fed74328000-7fed74335000 r-xp 00000000 08:03 368090                     /usr/lib/jvm/java-8-openjdk/jre/lib/amd64/libverify.so
7fed74335000-7fed74534000 ---p 0000d000 08:03 368090                     /usr/lib/jvm/java-8-openjdk/jre/lib/amd64/libverify.so
7fed74534000-7fed74536000 rw-p 0000c000 08:03 368090                     /usr/lib/jvm/java-8-openjdk/jre/lib/amd64/libverify.so
7fed74536000-7fed7453d000 r-xp 00000000 08:03 270868                     /usr/lib/librt-2.24.so
7fed7453d000-7fed7473c000 ---p 00007000 08:03 270868                     /usr/lib/librt-2.24.so
7fed7473c000-7fed7473d000 r--p 00006000 08:03 270868                     /usr/lib/librt-2.24.so
7fed7473d000-7fed7473e000 rw-p 00007000 08:03 270868                     /usr/lib/librt-2.24.so
7fed7473e000-7fed74841000 r-xp 00000000 08:03 270761                     /usr/lib/libm-2.24.so
7fed74841000-7fed74a40000 ---p 00103000 08:03 270761                     /usr/lib/libm-2.24.so
7fed74a40000-7fed74a41000 r--p 00102000 08:03 270761                     /usr/lib/libm-2.24.so
7fed74a41000-7fed74a42000 rw-p 00103000 08:03 270761                     /usr/lib/libm-2.24.so
7fed74a42000-7fed756a2000 r-xp 00000000 08:03 368122                     /usr/lib/jvm/java-8-openjdk/jre/lib/amd64/server/libjvm.so
7fed756a2000-7fed758a2000 ---p 00c60000 08:03 368122                     /usr/lib/jvm/java-8-openjdk/jre/lib/amd64/server/libjvm.so
7fed758a2000-7fed7595e000 rw-p 00c60000 08:03 368122                     /usr/lib/jvm/java-8-openjdk/jre/lib/amd64/server/libjvm.so
7fed7595e000-7fed7598e000 rw-p 00000000 00:00 0 
7fed7598e000-7fed75b23000 r-xp 00000000 08:03 1172572                    /usr/lib/libc-2.24.so
7fed75b23000-7fed75d22000 ---p 00195000 08:03 1172572                    /usr/lib/libc-2.24.so
7fed75d22000-7fed75d26000 r--p 00194000 08:03 1172572                    /usr/lib/libc-2.24.so
7fed75d26000-7fed75d28000 rw-p 00198000 08:03 1172572                    /usr/lib/libc-2.24.so
7fed75d28000-7fed75d2c000 rw-p 00000000 00:00 0 
7fed75d2c000-7fed75d2e000 r-xp 00000000 08:03 270700                     /usr/lib/libdl-2.24.so
7fed75d2e000-7fed75f2e000 ---p 00002000 08:03 270700                     /usr/lib/libdl-2.24.so
7fed75f2e000-7fed75f2f000 r--p 00002000 08:03 270700                     /usr/lib/libdl-2.24.so
7fed75f2f000-7fed75f30000 rw-p 00003000 08:03 270700                     /usr/lib/libdl-2.24.so
7fed75f30000-7fed75f3d000 r-xp 00000000 08:03 368119                     /usr/lib/jvm/java-8-openjdk/jre/lib/amd64/jli/libjli.so
7fed75f3d000-7fed7613c000 ---p 0000d000 08:03 368119                     /usr/lib/jvm/java-8-openjdk/jre/lib/amd64/jli/libjli.so
7fed7613c000-7fed7613d000 rw-p 0000c000 08:03 368119                     /usr/lib/jvm/java-8-openjdk/jre/lib/amd64/jli/libjli.so
7fed7613d000-7fed76152000 r-xp 00000000 08:03 1171551                    /usr/lib/libz.so.1.2.8
7fed76152000-7fed76351000 ---p 00015000 08:03 1171551                    /usr/lib/libz.so.1.2.8
7fed76351000-7fed76352000 r--p 00014000 08:03 1171551                    /usr/lib/libz.so.1.2.8
7fed76352000-7fed76353000 rw-p 00015000 08:03 1171551                    /usr/lib/libz.so.1.2.8
7fed76353000-7fed7636b000 r-xp 00000000 08:03 1172551                    /usr/lib/libpthread-2.24.so
7fed7636b000-7fed7656a000 ---p 00018000 08:03 1172551                    /usr/lib/libpthread-2.24.so
7fed7656a000-7fed7656b000 r--p 00017000 08:03 1172551                    /usr/lib/libpthread-2.24.so
7fed7656b000-7fed7656c000 rw-p 00018000 08:03 1172551                    /usr/lib/libpthread-2.24.so
7fed7656c000-7fed76570000 rw-p 00000000 00:00 0 
7fed76570000-7fed76593000 r-xp 00000000 08:03 1172571                    /usr/lib/ld-2.24.so
7fed76595000-7fed7665a000 rw-p 00000000 00:00 0 
7fed7665a000-7fed7665d000 ---p 00000000 00:00 0 
7fed7665d000-7fed7675d000 rw-p 00000000 00:00 0 
7fed76764000-7fed76772000 r--s 000e0000 08:04 8896542                    /home/yoxjames/android-sdks/build-tools/24.0.1/lib/dx.jar
7fed76772000-7fed76786000 rw-p 00000000 00:00 0 
7fed76786000-7fed7678e000 rw-s 00000000 00:24 464658                     /tmp/hsperfdata_yoxjames/13741
7fed7678e000-7fed7678f000 rw-p 00000000 00:00 0 
7fed7678f000-7fed76790000 ---p 00000000 00:00 0 
7fed76790000-7fed76792000 rw-p 00000000 00:00 0 
7fed76792000-7fed76793000 r--p 00022000 08:03 1172571                    /usr/lib/ld-2.24.so
7fed76793000-7fed76794000 rw-p 00023000 08:03 1172571                    /usr/lib/ld-2.24.so
7fed76794000-7fed76795000 rw-p 00000000 00:00 0 
7ffebedb2000-7ffebedd3000 rw-p 00000000 00:00 0                          [stack]
7ffebedf9000-7ffebedfc000 r--p 00000000 00:00 0                          [vvar]
7ffebedfc000-7ffebedfe000 r-xp 00000000 00:00 0                          [vdso]
ffffffffff600000-ffffffffff601000 r-xp 00000000 00:00 0                  [vsyscall]

VM Arguments:
jvm_args: -Djava.awt.headless=true -Xmx1024M -Dfile.encoding=UTF-8 -Duser.country=US -Duser.language=en -Duser.variant 
java_command: com.android.dx.command.Main --dex --force-jumbo --num-threads=4 --multi-dex --output /home/yoxjames/AndroidStudioProjects/ColdSnap/app/build/intermediates/transforms/dex/debug/folders/1000/10/com.android.support-appcompat-v7-24.2.0_c674df9b978d27528f493f9947795b4159c9751a /home/yoxjames/AndroidStudioProjects/ColdSnap/app/build/intermediates/exploded-aar/com.android.support/appcompat-v7/24.2.0/jars/classes.jar
java_class_path (initial): /home/yoxjames/android-sdks/build-tools/24.0.1/lib/dx.jar
Launcher Type: SUN_STANDARD

Environment Variables:
PATH=/home/yoxjames/.gem/ruby/2.3.0/bin:/usr/local/sbin:/usr/local/bin:/usr/bin:/usr/lib/jvm/default/bin:/opt/metasploit:/usr/bin/site_perl:/usr/bin/vendor_perl:/usr/bin/core_perl:/usr/local/rvm/bin
LD_LIBRARY_PATH=/opt/android-studio/bin:
SHELL=/bin/bash
DISPLAY=:0.0

Signal Handlers:
SIGSEGV: [libjvm.so+0xa64890], sa_mask[0]=11111111011111111101111111111110, sa_flags=SA_RESTART|SA_SIGINFO
SIGBUS: [libjvm.so+0xa64890], sa_mask[0]=11111111011111111101111111111110, sa_flags=SA_RESTART|SA_SIGINFO
SIGFPE: [libjvm.so+0x8afab0], sa_mask[0]=11111111011111111101111111111110, sa_flags=SA_RESTART|SA_SIGINFO
SIGPIPE: [libjvm.so+0x8afab0], sa_mask[0]=11111111011111111101111111111110, sa_flags=SA_RESTART|SA_SIGINFO
SIGXFSZ: [libjvm.so+0x8afab0], sa_mask[0]=11111111011111111101111111111110, sa_flags=SA_RESTART|SA_SIGINFO
SIGILL: [libjvm.so+0x8afab0], sa_mask[0]=11111111011111111101111111111110, sa_flags=SA_RESTART|SA_SIGINFO
SIGUSR1: SIG_DFL, sa_mask[0]=00000000000000000000000000000000, sa_flags=none
SIGUSR2: [libjvm.so+0x8af960], sa_mask[0]=00100000000000000000000000000000, sa_flags=SA_RESTART|SA_SIGINFO
SIGHUP: [libjvm.so+0x8afe10], sa_mask[0]=11111111011111111101111111111110, sa_flags=SA_RESTART|SA_SIGINFO
SIGINT: [libjvm.so+0x8afe10], sa_mask[0]=11111111011111111101111111111110, sa_flags=SA_RESTART|SA_SIGINFO
SIGTERM: [libjvm.so+0x8afe10], sa_mask[0]=11111111011111111101111111111110, sa_flags=SA_RESTART|SA_SIGINFO
SIGQUIT: [libjvm.so+0x8afe10], sa_mask[0]=11111111011111111101111111111110, sa_flags=SA_RESTART|SA_SIGINFO


---------------  S Y S T E M  ---------------

OS:LSB_VERSION=1.4
DISTRIB_ID=Arch
DISTRIB_RELEASE=rolling
DISTRIB_DESCRIPTION="Arch Linux"

uname:Linux 4.6.5-1-ARCH #1 SMP PREEMPT Thu Jul 28 08:30:15 CEST 2016 x86_64
libc:glibc 2.24 NPTL 2.24 
rlimit: STACK 8192k, CORE infinity, NPROC 31579, NOFILE 4096, AS infinity
load average:15.51 5.23 2.41

/proc/meminfo:
MemTotal:        8091724 kB
MemFree:          174368 kB
MemAvailable:     108792 kB
Buffers:            5140 kB
Cached:          1569784 kB
SwapCached:            0 kB
Active:          6128476 kB
Inactive:        1556896 kB
Active(anon):    6114792 kB
Inactive(anon):  1470024 kB
Active(file):      13684 kB
Inactive(file):    86872 kB
Unevictable:           0 kB
Mlocked:               0 kB
SwapTotal:             0 kB
SwapFree:              0 kB
Dirty:               676 kB
Writeback:           948 kB
AnonPages:       6104684 kB
Mapped:           601480 kB
Shmem:           1474376 kB
Slab:              81972 kB
SReclaimable:      41252 kB
SUnreclaim:        40720 kB
KernelStack:       10976 kB
PageTables:        43328 kB
NFS_Unstable:          0 kB
Bounce:                0 kB
WritebackTmp:          0 kB
CommitLimit:     4045860 kB
Committed_AS:   11493872 kB
VmallocTotal:   34359738367 kB
VmallocUsed:           0 kB
VmallocChunk:          0 kB
HardwareCorrupted:     0 kB
AnonHugePages:   3985408 kB
HugePages_Total:       0
HugePages_Free:        0
HugePages_Rsvd:        0
HugePages_Surp:        0
Hugepagesize:       2048 kB
DirectMap4k:      141888 kB
DirectMap2M:     8159232 kB


CPU:total 8 (4 cores per cpu, 2 threads per core) family 6 model 42 stepping 7, cmov, cx8, fxsr, mmx, sse, sse2, sse3, ssse3, sse4.1, sse4.2, popcnt, avx, aes, clmul, ht, tsc, tscinvbit

/proc/cpuinfo:
processor	: 0
vendor_id	: GenuineIntel
cpu family	: 6
model		: 42
model name	: Intel(R) Core(TM) i7-2720QM CPU @ 2.20GHz
stepping	: 7
microcode	: 0x1b
cpu MHz		: 1137.640
cache size	: 6144 KB
physical id	: 0
siblings	: 8
core id		: 0
cpu cores	: 4
apicid		: 0
initial apicid	: 0
fpu		: yes
fpu_exception	: yes
cpuid level	: 13
wp		: yes
flags		: fpu vme de pse tsc msr pae mce cx8 apic sep mtrr pge mca cmov pat pse36 clflush dts acpi mmx fxsr sse sse2 ss ht tm pbe syscall nx rdtscp lm constant_tsc arch_perfmon pebs bts nopl xtopology nonstop_tsc aperfmperf eagerfpu pni pclmulqdq dtes64 monitor ds_cpl vmx smx est tm2 ssse3 cx16 xtpr pdcm pcid sse4_1 sse4_2 x2apic popcnt tsc_deadline_timer aes xsave avx lahf_lm epb tpr_shadow vnmi flexpriority ept vpid xsaveopt dtherm ida arat pln pts
bugs		:
bogomips	: 4391.93
clflush size	: 64
cache_alignment	: 64
address sizes	: 36 bits physical, 48 bits virtual
power management:

processor	: 1
vendor_id	: GenuineIntel
cpu family	: 6
model		: 42
model name	: Intel(R) Core(TM) i7-2720QM CPU @ 2.20GHz
stepping	: 7
microcode	: 0x1b
cpu MHz		: 1137.812
cache size	: 6144 KB
physical id	: 0
siblings	: 8
core id		: 0
cpu cores	: 4
apicid		: 1
initial apicid	: 1
fpu		: yes
fpu_exception	: yes
cpuid level	: 13
wp		: yes
flags		: fpu vme de pse tsc msr pae mce cx8 apic sep mtrr pge mca cmov pat pse36 clflush dts acpi mmx fxsr sse sse2 ss ht tm pbe syscall nx rdtscp lm constant_tsc arch_perfmon pebs bts nopl xtopology nonstop_tsc aperfmperf eagerfpu pni pclmulqdq dtes64 monitor ds_cpl vmx smx est tm2 ssse3 cx16 xtpr pdcm pcid sse4_1 sse4_2 x2apic popcnt tsc_deadline_timer aes xsave avx lahf_lm epb tpr_shadow vnmi flexpriority ept vpid xsaveopt dtherm ida arat pln pts
bugs		:
bogomips	: 4393.84
clflush size	: 64
cache_alignment	: 64
address sizes	: 36 bits physical, 48 bits virtual
power management:

processor	: 2
vendor_id	: GenuineIntel
cpu family	: 6
model		: 42
model name	: Intel(R) Core(TM) i7-2720QM CPU @ 2.20GHz
stepping	: 7
microcode	: 0x1b
cpu MHz		: 992.492
cache size	: 6144 KB
physical id	: 0
siblings	: 8
core id		: 1
cpu cores	: 4
apicid		: 2
initial apicid	: 2
fpu		: yes
fpu_exception	: yes
cpuid level	: 13
wp		: yes
flags		: fpu vme de pse tsc msr pae mce cx8 apic sep mtrr pge mca cmov pat pse36 clflush dts acpi mmx fxsr sse sse2 ss ht tm pbe syscall nx rdtscp lm constant_tsc arch_perfmon pebs bts nopl xtopology nonstop_tsc aperfmperf eagerfpu pni pclmulqdq dtes64 monitor ds_cpl vmx smx est tm2 ssse3 cx16 xtpr pdcm pcid sse4_1 sse4_2 x2apic popcnt tsc_deadline_timer aes xsave avx lahf_lm epb tpr_shadow vnmi flexpriority ept vpid xsaveopt dtherm ida arat pln pts
bugs		:
bogomips	: 4393.28
clflush size	: 64
cache_alignment	: 64
address sizes	: 36 bits physical, 48 bits virtual
power management:

processor	: 3
vendor_id	: GenuineIntel
cpu family	: 6
model		: 42
model name	: Intel(R) Core(TM) i7-2720QM CPU @ 2.20GHz
stepping	: 7
microcode	: 0x1b
cpu MHz		: 1140.734
cache size	: 6144 KB
physical id	: 0
siblings	: 8
core id		: 1
cpu cores	: 4
apicid		: 3
initial apicid	: 3
fpu		: yes
fpu_exception	: yes
cpuid level	: 13
wp		: yes
flags		: fpu vme de pse tsc msr pae mce cx8 apic sep mtrr pge mca cmov pat pse36 clflush dts acpi mmx fxsr sse sse2 ss ht tm pbe syscall nx rdtscp lm constant_tsc arch_perfmon pebs bts nopl xtopology nonstop_tsc aperfmperf eagerfpu pni pclmulqdq dtes64 monitor ds_cpl vmx smx est tm2 ssse3 cx16 xtpr pdcm pcid sse4_1 sse4_2 x2apic popcnt tsc_deadline_timer aes xsave avx lahf_lm epb tpr_shadow vnmi flexpriority ept vpid xsaveopt dtherm ida arat pln pts
bugs		:
bogomips	: 4393.38
clflush size	: 64
cache_alignment	: 64
address sizes	: 36 bits physical, 48 bits virtual
power management:

processor	: 4
vendor_id	: GenuineIntel
cpu family	: 6
model		: 42
model name	: Intel(R) Core(TM) i7-2720QM CPU @ 2.20GHz
stepping	: 7
microcode	: 0x1b
cpu MHz		: 924.687
cache size	: 6144 KB
physical id	: 0
siblings	: 8
core id		: 2
cpu cores	: 4
apicid		: 4
initial apicid	: 4
fpu		: yes
fpu_exception	: yes
cpuid level	: 13
wp		: yes
flags		: fpu vme de pse tsc msr pae mce cx8 apic sep mtrr pge mca cmov pat pse36 clflush dts acpi mmx fxsr sse sse2 ss ht tm pbe syscall nx rdtscp lm constant_tsc arch_perfmon pebs bts nopl xtopology nonstop_tsc aperfmperf eagerfpu pni pclmulqdq dtes64 monitor ds_cpl vmx smx est tm2 ssse3 cx16 xtpr pdcm pcid sse4_1 sse4_2 x2apic popcnt tsc_deadline_timer aes xsave avx lahf_lm epb tpr_shadow vnmi flexpriority ept vpid xsaveopt dtherm ida arat pln pts
bugs		:
bogomips	: 4393.35
clflush size	: 64
cache_alignment	: 64
address sizes	: 36 bits physical, 48 bits virtual
power management:

processor	: 5
vendor_id	: GenuineIntel
cpu family	: 6
model		: 42
model name	: Intel(R) Core(TM) i7-2720QM CPU @ 2.20GHz
stepping	: 7
microcode	: 0x1b
cpu MHz		: 1180.265
cache size	: 6144 KB
physical id	: 0
siblings	: 8
core id		: 2
cpu cores	: 4
apicid		: 5
initial apicid	: 5
fpu		: yes
fpu_exception	: yes
cpuid level	: 13
wp		: yes
flags		: fpu vme de pse tsc msr pae mce cx8 apic sep mtrr pge mca cmov pat pse36 clflush dts acpi mmx fxsr sse sse2 ss ht tm pbe syscall nx rdtscp lm constant_tsc arch_perfmon pebs bts nopl xtopology nonstop_tsc aperfmperf eagerfpu pni pclmulqdq dtes64 monitor ds_cpl vmx smx est tm2 ssse3 cx16 xtpr pdcm pcid sse4_1 sse4_2 x2apic popcnt tsc_deadline_timer aes xsave avx lahf_lm epb tpr_shadow vnmi flexpriority ept vpid xsaveopt dtherm ida arat pln pts
bugs		:
bogomips	: 4393.40
clflush size	: 64
cache_alignment	: 64
address sizes	: 36 bits physical, 48 bits virtual
power management:

processor	: 6
vendor_id	: GenuineIntel
cpu family	: 6
model		: 42
model name	: Intel(R) Core(TM) i7-2720QM CPU @ 2.20GHz
stepping	: 7
microcode	: 0x1b
cpu MHz		: 1065.625
cache size	: 6144 KB
physical id	: 0
siblings	: 8
core id		: 3
cpu cores	: 4
apicid		: 6
initial apicid	: 6
fpu		: yes
fpu_exception	: yes
cpuid level	: 13
wp		: yes
flags		: fpu vme de pse tsc msr pae mce cx8 apic sep mtrr pge mca cmov pat pse36 clflush dts acpi mmx fxsr sse sse2 ss ht tm pbe syscall nx rdtscp lm constant_tsc arch_perfmon pebs bts nopl xtopology nonstop_tsc aperfmperf eagerfpu pni pclmulqdq dtes64 monitor ds_cpl vmx smx est tm2 ssse3 cx16 xtpr pdcm pcid sse4_1 sse4_2 x2apic popcnt tsc_deadline_timer aes xsave avx lahf_lm epb tpr_shadow vnmi flexpriority ept vpid xsaveopt dtherm ida arat pln pts
bugs		:
bogomips	: 4393.36
clflush size	: 64
cache_alignment	: 64
address sizes	: 36 bits physical, 48 bits virtual
power management:

processor	: 7
vendor_id	: GenuineIntel
cpu family	: 6
model		: 42
model name	: Intel(R) Core(TM) i7-2720QM CPU @ 2.20GHz
stepping	: 7
microcode	: 0x1b
cpu MHz		: 1156.546
cache size	: 6144 KB
physical id	: 0
siblings	: 8
core id		: 3
cpu cores	: 4
apicid		: 7
initial apicid	: 7
fpu		: yes
fpu_exception	: yes
cpuid level	: 13
wp		: yes
flags		: fpu vme de pse tsc msr pae mce cx8 apic sep mtrr pge mca cmov pat pse36 clflush dts acpi mmx fxsr sse sse2 ss ht tm pbe syscall nx rdtscp lm constant_tsc arch_perfmon pebs bts nopl xtopology nonstop_tsc aperfmperf eagerfpu pni pclmulqdq dtes64 monitor ds_cpl vmx smx est tm2 ssse3 cx16 xtpr pdcm pcid sse4_1 sse4_2 x2apic popcnt tsc_deadline_timer aes xsave avx lahf_lm epb tpr_shadow vnmi flexpriority ept vpid xsaveopt dtherm ida arat pln pts
bugs		:
bogomips	: 4393.35
clflush size	: 64
cache_alignment	: 64
address sizes	: 36 bits physical, 48 bits virtual
power management:



Memory: 4k page, physical 8091724k(174368k free), swap 0k(0k free)

vm_info: OpenJDK 64-Bit Server VM (25.102-b14) for linux-amd64 JRE (1.8.0_102-b14), built on Jul 27 2016 07:46:42 by "builduser" with gcc 6.1.1 20160707

time: Sun Aug 28 16:58:12 2016
elapsed time: 33 seconds (0d 0h 0m 33s)

